{
  "RSpec": {
    "coverage": {
      "/Users/kiri/Documents/GitHub/tech_tests/bank_tech_test/spec/banking_spec.rb": [
        null,
        null,
        1,
        null,
        1,
        6,
        null,
        1,
        1,
        null,
        null,
        1,
        1,
        1,
        1,
        null,
        null,
        null,
        1,
        3,
        null,
        1,
        1,
        1,
        null,
        null,
        1,
        2,
        null,
        null,
        null,
        1,
        1,
        1,
        1,
        1,
        1,
        1,
        null,
        null,
        null
      ],
      "/Users/kiri/Documents/GitHub/tech_tests/bank_tech_test/lib/banking.rb": [
        null,
        null,
        1,
        1,
        null,
        1,
        null,
        1,
        5,
        5,
        null,
        null,
        1,
        4,
        4,
        4,
        null,
        null,
        1,
        3,
        null,
        2,
        2,
        2,
        null,
        null,
        1,
        3,
        3,
        6,
        null,
        3,
        null,
        null
      ],
      "/Users/kiri/Documents/GitHub/tech_tests/bank_tech_test/spec/transaction_spec.rb": [
        null,
        null,
        1,
        null,
        1,
        1,
        1,
        1,
        1,
        1,
        1,
        1,
        1,
        1,
        1,
        null,
        null
      ],
      "/Users/kiri/Documents/GitHub/tech_tests/bank_tech_test/lib/transaction.rb": [
        null,
        null,
        1,
        1,
        null,
        1,
        7,
        7,
        7,
        7,
        null,
        null
      ]
    },
    "timestamp": 1562003469
  }
}
